<?xml version="1.0" encoding="UTF-8"?>
<testsuite xmlns:xsi="http://www.w3.org/2001/XMLSchema-instance" xsi:noNamespaceSchemaLocation="https://maven.apache.org/surefire/maven-surefire-plugin/xsd/surefire-test-report-3.0.xsd" version="3.0" name="org.example.testRunner.runners" time="354.363" tests="15" errors="0" skipped="0" failures="1">
  <properties>
[...]
</properties>
  <testcase name="runScenario" classname="org.example.testRunner.runners" time="16.426"/>
  <testcase name="runScenario" classname="org.example.testRunner.runners" time="17.117"/>
  <testcase name="runScenario" classname="org.example.testRunner.runners" time="17.273">
    <failure message="The following asserts failed:&#10;	Error Message: Search for book failed expected [true] but found [false],&#10;	Error Message: Search for book failed expected [true] but found [false]" type="java.lang.AssertionError"><![CDATA[java.lang.AssertionError: 
The following asserts failed:
	Error Message: Search for book failed expected [true] but found [false],
	Error Message: Search for book failed expected [true] but found [false]
]]></failure>
    <system-out><![CDATA[E:\Courses\Software Testing\Software Testing Udacity\Professional\Automation Project\E-Commerce\src\main\resources\chromedriver.exe
6
Apple MacBook Pro 13-inch
Asus N551JK-XO076H Laptop
Samsung Series 9 NP900X4C Premium Ultrabook
HP Spectre XT Pro UltraBook
HP Envy 6-1180ca 15.6-Inch Sleekbook
Lenovo Thinkpad X1 Carbon Laptop
]]></system-out>
    <system-err><![CDATA[Starting ChromeDriver 109.0.5414.74 (e7c5703604daa9cc128ccf5a5d3e993513758913-refs/branch-heads/5414@{#1172}) on port 48542
Only local connections are allowed.
Please see https://chromedriver.chromium.org/security-considerations for suggestions on keeping ChromeDriver safe.
ChromeDriver was started successfully.
Feb 07, 2023 10:50:31 AM org.openqa.selenium.devtools.CdpVersionFinder findNearestMatch
WARNING: Unable to find an exact match for CDP version 109, so returning the closest version found: 108
]]></system-err>
  </testcase>
  <testcase name="runScenario" classname="org.example.testRunner.runners" time="18.596"/>
  <testcase name="runScenario" classname="org.example.testRunner.runners" time="24.222"/>
  <testcase name="runScenario" classname="org.example.testRunner.runners" time="13.182"/>
  <testcase name="runScenario" classname="org.example.testRunner.runners" time="21.456"/>
  <testcase name="runScenario" classname="org.example.testRunner.runners" time="30.843"/>
  <testcase name="runScenario" classname="org.example.testRunner.runners" time="39.249"/>
  <testcase name="runScenario" classname="org.example.testRunner.runners" time="26.827"/>
  <testcase name="runScenario" classname="org.example.testRunner.runners" time="23.848"/>
  <testcase name="runScenario" classname="org.example.testRunner.runners" time="22.626"/>
  <testcase name="runScenario" classname="org.example.testRunner.runners" time="41.537"/>
  <testcase name="runScenario" classname="org.example.testRunner.runners" time="17.724"/>
  <testcase name="runScenario" classname="org.example.testRunner.runners" time="21.762"/>
</testsuite>